

--- Sat Aug 28 11:26:49 2021 ---

[ERR] Could not load file: ./data/pub/dat001.eif


--- Sat Aug 28 11:29:34 2021 ---

[ERR] Client caused an exception and was closed: 127.0.0.1.
[ERR] Runtime Error: Failed to upload file


--- Sat Aug 28 11:36:08 2021 ---



--- Sat Aug 28 11:42:55 2021 ---

[ERR] NPC couldn't spawn anywhere valid!


--- Sat Aug 28 12:32:32 2021 ---

[ERR] NPC couldn't spawn anywhere valid!


--- Sat Aug 28 12:54:36 2021 ---

[ERR] NPC couldn't spawn anywhere valid!


--- Sat Aug 28 15:52:17 2021 ---

[ERR] Socket_BindFailed: Address already in use


--- Sat Aug 28 15:52:27 2021 ---

[ERR] Socket_BindFailed: Address already in use


--- Sat Aug 28 15:52:35 2021 ---

[ERR] Socket_BindFailed: Address already in use


--- Sat Aug 28 15:53:22 2021 ---

[ERR] NPC couldn't spawn anywhere valid!


--- Sat Aug 28 16:30:51 2021 ---

[ERR] NPC couldn't spawn anywhere valid!


--- Sat Aug 28 16:41:03 2021 ---

[ERR] NPC couldn't spawn anywhere valid!


--- Sat Aug 28 16:46:12 2021 ---

[ERR] NPC couldn't spawn anywhere valid!


--- Sat Aug 28 16:49:26 2021 ---

[ERR] NPC couldn't spawn anywhere valid!


--- Sat Aug 28 16:59:25 2021 ---

[ERR] NPC couldn't spawn anywhere valid!


--- Sat Aug 28 17:05:53 2021 ---

[ERR] NPC couldn't spawn anywhere valid!


--- Sat Aug 28 17:07:56 2021 ---

[ERR] NPC couldn't spawn anywhere valid!


--- Sat Aug 28 17:11:00 2021 ---

[ERR] NPC couldn't spawn anywhere valid!


--- Sat Aug 28 17:13:16 2021 ---

[ERR] NPC couldn't spawn anywhere valid!


--- Sat Aug 28 17:25:14 2021 ---

[ERR] NPC couldn't spawn anywhere valid!


--- Sat Aug 28 17:30:47 2021 ---

[ERR] NPC couldn't spawn anywhere valid!


--- Sat Aug 28 17:34:04 2021 ---

[ERR] NPC couldn't spawn anywhere valid!


--- Sat Aug 28 17:57:17 2021 ---

[ERR] Socket_BindFailed: Address already in use
